Arguments: 
  /usr/bin/node /usr/bin/yarn install

PATH: 
  /usr/local/sbin:/usr/local/bin:/usr/bin:/opt/android-sdk/platform-tools:/opt/android-sdk/tools:/usr/lib/jvm/default/bin:/usr/bin/site_perl:/usr/bin/vendor_perl:/usr/bin/core_perl

Yarn version: 
  0.18.1

Node version: 
  6.8.1

Platform: 
  linux x64

npm manifest: 
  {
    "name": "namecollection",
    "author": "mjt",
    "private": true,
    "version": "0.0.1",
    "description": "",
    "dependencies": {
      "body-parser": "^1.15.2",
      "browser-sync": "^2.18.5",
      "ejs": "^2.5.5",
      "express": "^4.10.2",
      "express-session": "^1.14.2",
      "mongodb": "^2.2.19",
      "mongoskin": "^2.1.0",
      "morgan": "^1.7.0",
      "request": "^2.74.0",
      "wagner-core": "^0.2.0",
    
      "bower": "^1.7.7",
      "gulp": "^3.9.1",
      "gulp-angular-filesort": "^1.1.1",
      "gulp-inject": "^4.1.0",
      "gulp-print": "^2.0.1",
      "gulp-watch": "^4.3.9",
      "http-server": "^0.9.0",
      "jasmine-core": "^2.4.1",
      "karma": "^0.13.22",
      "karma-chrome-launcher": "^0.2.3",
      "karma-firefox-launcher": "^0.1.7",
      "karma-jasmine": "^0.3.8",
      "karma-junit-reporter": "^0.4.1",
      "protractor": "^3.2.2",
      "wiredep": "^4.0.0",
      "wrench": "^1.5.9"
    },
    "scripts": {
      "start": "node server/server.js",
      "postinstall": "bower install && gulp build-server"
    },
    "engines": {
      "node": "6.8.0"
    }
  }

yarn manifest: 
  No manifest

Lockfile: 
  No lockfile

Trace: 
  Error: EACCES: permission denied, unlink '/usr/lib/node_modules/gulp/node_modules/.bin/semver'
      at Error (native)
